{"level":"warn","message":"Alerta! - 7:43:31 PM"}
{"level":"error","message":"wrong user - 7:54:23 PM"}
{"level":"error","message":"wrong password - 7:54:36 PM"}
{"level":"error","message":"no products with stock - 8:16:28 PM"}
{"level":"error","message":"Error! - 8:17:56 PM"}
{"level":"error","message":"wrong password - 8:58:51 PM"}
{"level":"error","message":"wrong password - 8:58:51 PM"}
{"level":"error","message":"wrong password - 8:59:56 PM"}
{"level":"error","message":"wrong password - 8:59:57 PM"}
{"level":"error","message":"wrong password - 9:01:40 PM"}
{"level":"error","message":"wrong password - 9:01:40 PM"}
{"level":"error","message":"wrong password - 9:03:38 PM"}
{"level":"error","message":"wrong password - 9:04:25 PM"}
{"level":"error","message":"wrong user - 9:05:36 PM"}
{"level":"error","message":"wrong user - 9:05:37 PM"}
{"level":"error","message":"wrong user - 9:07:13 PM"}
{"level":"error","message":"wrong user - 9:07:14 PM"}
{"level":"error","message":"wrong user - 9:07:26 PM"}
{"level":"error","message":"wrong user - 9:07:26 PM"}
{"level":"error","message":"wrong password - 1:43:17 PM"}
{"level":"error","message":"wrong password - 1:44:54 PM"}
{"level":"error","message":"same password - 10:24:51 AM"}
